2012-07-08 16:01:30,906 INFO [org.springframework.context.support.ClassPathXmlApplicationContext] - Refreshing org.springframework.context.support.ClassPathXmlApplicationContext@53ba3d: startup date [Sun Jul 08 16:01:30 IST 2012]; root of context hierarchy
2012-07-08 16:01:30,968 INFO [org.springframework.beans.factory.xml.XmlBeanDefinitionReader] - Loading XML bean definitions from class path resource [jdbc.xml]
2012-07-08 16:01:31,203 INFO [org.springframework.beans.factory.config.PropertyPlaceholderConfigurer] - Loading properties file from class path resource [mysql.properties]
2012-07-08 16:01:31,218 INFO [org.springframework.beans.factory.support.DefaultListableBeanFactory] - Pre-instantiating singletons in org.springframework.beans.factory.support.DefaultListableBeanFactory@a46701: defining beans [properties,dataSource,simpleJdbcTemplate,employeeDao]; root of factory hierarchy
2012-07-08 16:01:31,234 INFO [org.springframework.jdbc.datasource.DriverManagerDataSource] - Loaded JDBC driver: com.mysql.jdbc.Driver
2012-07-08 16:01:31,296 INFO [org.springframework.beans.factory.support.DefaultListableBeanFactory] - Destroying singletons in org.springframework.beans.factory.support.DefaultListableBeanFactory@a46701: defining beans [properties,dataSource,simpleJdbcTemplate,employeeDao]; root of factory hierarchy
2012-07-08 16:02:50,453 INFO [org.springframework.context.support.ClassPathXmlApplicationContext] - Refreshing org.springframework.context.support.ClassPathXmlApplicationContext@53ba3d: startup date [Sun Jul 08 16:02:50 IST 2012]; root of context hierarchy
2012-07-08 16:02:50,546 INFO [org.springframework.beans.factory.xml.XmlBeanDefinitionReader] - Loading XML bean definitions from class path resource [jdbc.xml]
2012-07-08 16:02:50,750 INFO [org.springframework.beans.factory.config.PropertyPlaceholderConfigurer] - Loading properties file from class path resource [mysql.properties]
2012-07-08 16:02:50,765 INFO [org.springframework.beans.factory.support.DefaultListableBeanFactory] - Pre-instantiating singletons in org.springframework.beans.factory.support.DefaultListableBeanFactory@a46701: defining beans [properties,dataSource,simpleJdbcTemplate,employeeDao]; root of factory hierarchy
2012-07-08 16:02:50,765 INFO [org.springframework.jdbc.datasource.DriverManagerDataSource] - Loaded JDBC driver: com.mysql.jdbc.Driver
2012-07-08 16:02:50,812 INFO [org.springframework.beans.factory.support.DefaultListableBeanFactory] - Destroying singletons in org.springframework.beans.factory.support.DefaultListableBeanFactory@a46701: defining beans [properties,dataSource,simpleJdbcTemplate,employeeDao]; root of factory hierarchy
2012-07-08 16:03:32,875 INFO [org.springframework.context.support.ClassPathXmlApplicationContext] - Refreshing org.springframework.context.support.ClassPathXmlApplicationContext@53ba3d: startup date [Sun Jul 08 16:03:32 IST 2012]; root of context hierarchy
2012-07-08 16:03:32,921 INFO [org.springframework.beans.factory.xml.XmlBeanDefinitionReader] - Loading XML bean definitions from class path resource [jdbc.xml]
2012-07-08 16:03:33,171 INFO [org.springframework.beans.factory.config.PropertyPlaceholderConfigurer] - Loading properties file from class path resource [mysql.properties]
2012-07-08 16:03:33,187 INFO [org.springframework.beans.factory.support.DefaultListableBeanFactory] - Pre-instantiating singletons in org.springframework.beans.factory.support.DefaultListableBeanFactory@a46701: defining beans [properties,dataSource,jdbcTemplate,employeeDao]; root of factory hierarchy
2012-07-08 16:03:33,203 INFO [org.springframework.jdbc.datasource.DriverManagerDataSource] - Loaded JDBC driver: com.mysql.jdbc.Driver
2012-07-08 16:03:33,203 INFO [org.springframework.beans.factory.support.DefaultListableBeanFactory] - Destroying singletons in org.springframework.beans.factory.support.DefaultListableBeanFactory@a46701: defining beans [properties,dataSource,jdbcTemplate,employeeDao]; root of factory hierarchy
2012-07-08 16:05:06,437 INFO [org.springframework.context.support.ClassPathXmlApplicationContext] - Refreshing org.springframework.context.support.ClassPathXmlApplicationContext@67ac19: startup date [Sun Jul 08 16:05:06 IST 2012]; root of context hierarchy
2012-07-08 16:05:06,500 INFO [org.springframework.beans.factory.xml.XmlBeanDefinitionReader] - Loading XML bean definitions from class path resource [jdbc.xml]
2012-07-08 16:05:06,718 INFO [org.springframework.beans.factory.config.PropertyPlaceholderConfigurer] - Loading properties file from class path resource [mysql.properties]
2012-07-08 16:05:06,718 INFO [org.springframework.beans.factory.support.DefaultListableBeanFactory] - Pre-instantiating singletons in org.springframework.beans.factory.support.DefaultListableBeanFactory@1bc887b: defining beans [properties,dataSource,jdbcTemplate,employeeDao]; root of factory hierarchy
2012-07-08 16:05:06,734 INFO [org.springframework.jdbc.datasource.DriverManagerDataSource] - Loaded JDBC driver: com.mysql.jdbc.Driver
2012-07-09 11:53:32,545 INFO [org.springframework.context.support.ClassPathXmlApplicationContext] - Refreshing org.springframework.context.support.ClassPathXmlApplicationContext@67ac19: startup date [Mon Jul 09 11:53:32 IST 2012]; root of context hierarchy
2012-07-09 11:53:32,623 INFO [org.springframework.beans.factory.xml.XmlBeanDefinitionReader] - Loading XML bean definitions from class path resource [jdbc.xml]
2012-07-09 11:53:32,904 INFO [org.springframework.beans.factory.config.PropertyPlaceholderConfigurer] - Loading properties file from class path resource [mysql.properties]
2012-07-09 11:53:32,920 INFO [org.springframework.beans.factory.support.DefaultListableBeanFactory] - Pre-instantiating singletons in org.springframework.beans.factory.support.DefaultListableBeanFactory@a46701: defining beans [properties,dataSource,jdbcTemplate,employeeDao]; root of factory hierarchy
2012-07-09 11:53:32,935 INFO [org.springframework.jdbc.datasource.DriverManagerDataSource] - Loaded JDBC driver: com.mysql.jdbc.Driver
2013-06-20 10:30:56,125 INFO [org.springframework.context.support.ClassPathXmlApplicationContext] - Refreshing org.springframework.context.support.ClassPathXmlApplicationContext@e80a59: startup date [Thu Jun 20 10:30:56 IST 2013]; root of context hierarchy
2013-06-20 10:30:56,172 INFO [org.springframework.beans.factory.xml.XmlBeanDefinitionReader] - Loading XML bean definitions from class path resource [jdbc.xml]
2013-06-20 10:30:56,406 INFO [org.springframework.beans.factory.config.PropertyPlaceholderConfigurer] - Loading properties file from class path resource [mysql.properties]
2013-06-20 10:30:56,406 INFO [org.springframework.beans.factory.support.DefaultListableBeanFactory] - Destroying singletons in org.springframework.beans.factory.support.DefaultListableBeanFactory@120cc56: defining beans [properties,dataSource,jdbcTemplate,employeeDao]; root of factory hierarchy
2013-06-20 10:31:18,681 INFO [org.springframework.context.support.ClassPathXmlApplicationContext] - Refreshing org.springframework.context.support.ClassPathXmlApplicationContext@e80a59: startup date [Thu Jun 20 10:31:18 IST 2013]; root of context hierarchy
2013-06-20 10:31:18,744 INFO [org.springframework.beans.factory.xml.XmlBeanDefinitionReader] - Loading XML bean definitions from class path resource [jdbc.xml]
2013-06-20 10:31:18,994 INFO [org.springframework.beans.factory.config.PropertyPlaceholderConfigurer] - Loading properties file from class path resource [oracle.properties]
2013-06-20 10:31:19,025 INFO [org.springframework.beans.factory.support.DefaultListableBeanFactory] - Pre-instantiating singletons in org.springframework.beans.factory.support.DefaultListableBeanFactory@120cc56: defining beans [properties,dataSource,jdbcTemplate,employeeDao]; root of factory hierarchy
2013-06-20 10:31:19,056 INFO [org.springframework.jdbc.datasource.DriverManagerDataSource] - Loaded JDBC driver: oracle.jdbc.driver.OracleDriver
2013-07-05 09:58:38,020 INFO [org.springframework.context.support.ClassPathXmlApplicationContext] - Refreshing org.springframework.context.support.ClassPathXmlApplicationContext@9f2a0b: startup date [Fri Jul 05 09:58:38 IST 2013]; root of context hierarchy
2013-07-05 09:58:38,145 INFO [org.springframework.beans.factory.xml.XmlBeanDefinitionReader] - Loading XML bean definitions from class path resource [jdbc.xml]
2013-07-05 09:58:38,489 INFO [org.springframework.beans.factory.config.PropertyPlaceholderConfigurer] - Loading properties file from class path resource [oracle.properties]
2013-07-05 09:58:38,520 INFO [org.springframework.beans.factory.support.DefaultListableBeanFactory] - Pre-instantiating singletons in org.springframework.beans.factory.support.DefaultListableBeanFactory@1ff7a1e: defining beans [properties,dataSource,jdbcTemplate,employeeDao]; root of factory hierarchy
2013-07-05 09:58:38,583 INFO [org.springframework.jdbc.datasource.DriverManagerDataSource] - Loaded JDBC driver: oracle.jdbc.driver.OracleDriver
2013-07-05 09:58:58,833 INFO [org.springframework.context.support.ClassPathXmlApplicationContext] - Refreshing org.springframework.context.support.ClassPathXmlApplicationContext@9f2a0b: startup date [Fri Jul 05 09:58:58 IST 2013]; root of context hierarchy
2013-07-05 09:58:58,895 INFO [org.springframework.beans.factory.xml.XmlBeanDefinitionReader] - Loading XML bean definitions from class path resource [jdbc.xml]
2013-07-05 09:58:59,130 INFO [org.springframework.beans.factory.config.PropertyPlaceholderConfigurer] - Loading properties file from class path resource [oracle.properties]
2013-07-05 09:58:59,145 INFO [org.springframework.beans.factory.support.DefaultListableBeanFactory] - Pre-instantiating singletons in org.springframework.beans.factory.support.DefaultListableBeanFactory@1ff7a1e: defining beans [properties,dataSource,jdbcTemplate,employeeDao]; root of factory hierarchy
2013-07-05 09:58:59,177 INFO [org.springframework.jdbc.datasource.DriverManagerDataSource] - Loaded JDBC driver: oracle.jdbc.driver.OracleDriver
2014-02-03 12:56:10,250 INFO [org.springframework.context.support.ClassPathXmlApplicationContext] - Refreshing org.springframework.context.support.ClassPathXmlApplicationContext@482923: startup date [Mon Feb 03 12:56:10 IST 2014]; root of context hierarchy
2014-02-03 12:56:10,485 INFO [org.springframework.beans.factory.xml.XmlBeanDefinitionReader] - Loading XML bean definitions from class path resource [jdbc.xml]
2014-02-03 12:56:10,953 INFO [org.springframework.beans.factory.config.PropertyPlaceholderConfigurer] - Loading properties file from class path resource [oracle.properties]
2014-02-03 12:56:10,953 INFO [org.springframework.beans.factory.support.DefaultListableBeanFactory] - Pre-instantiating singletons in org.springframework.beans.factory.support.DefaultListableBeanFactory@bad8a8: defining beans [properties,dataSource,employeeDao]; root of factory hierarchy
2014-02-03 12:56:11,000 INFO [org.springframework.jdbc.datasource.DriverManagerDataSource] - Loaded JDBC driver: oracle.jdbc.driver.OracleDriver
2014-02-03 12:56:39,920 INFO [org.springframework.context.support.ClassPathXmlApplicationContext] - Refreshing org.springframework.context.support.ClassPathXmlApplicationContext@184ec44: startup date [Mon Feb 03 12:56:39 IST 2014]; root of context hierarchy
2014-02-03 12:56:39,998 INFO [org.springframework.beans.factory.xml.XmlBeanDefinitionReader] - Loading XML bean definitions from class path resource [jdbc.xml]
2014-02-03 12:56:40,216 INFO [org.springframework.beans.factory.config.PropertyPlaceholderConfigurer] - Loading properties file from class path resource [oracle.properties]
2014-02-03 12:56:40,232 INFO [org.springframework.beans.factory.support.DefaultListableBeanFactory] - Pre-instantiating singletons in org.springframework.beans.factory.support.DefaultListableBeanFactory@e61fd1: defining beans [properties,dataSource,employeeDao]; root of factory hierarchy
2014-02-03 12:56:40,248 INFO [org.springframework.jdbc.datasource.DriverManagerDataSource] - Loaded JDBC driver: oracle.jdbc.driver.OracleDriver
2014-02-10 11:07:44,421 INFO [org.springframework.context.support.ClassPathXmlApplicationContext] - Refreshing org.springframework.context.support.ClassPathXmlApplicationContext@482923: startup date [Mon Feb 10 11:07:44 IST 2014]; root of context hierarchy
2014-02-10 11:07:44,531 INFO [org.springframework.beans.factory.xml.XmlBeanDefinitionReader] - Loading XML bean definitions from class path resource [jdbc.xml]
2014-02-10 11:07:44,812 INFO [org.springframework.beans.factory.config.PropertyPlaceholderConfigurer] - Loading properties file from class path resource [oracle.properties]
2014-02-10 11:07:44,843 INFO [org.springframework.beans.factory.support.DefaultListableBeanFactory] - Pre-instantiating singletons in org.springframework.beans.factory.support.DefaultListableBeanFactory@e61fd1: defining beans [properties,dataSource,employeeDao]; root of factory hierarchy
2014-02-10 11:07:44,890 INFO [org.springframework.jdbc.datasource.DriverManagerDataSource] - Loaded JDBC driver: oracle.jdbc.driver.OracleDriver
2014-05-02 11:21:11,181 INFO [org.springframework.context.support.ClassPathXmlApplicationContext] - Refreshing org.springframework.context.support.ClassPathXmlApplicationContext@1ee4648: startup date [Fri May 02 11:21:11 IST 2014]; root of context hierarchy
2014-05-02 11:21:11,321 INFO [org.springframework.beans.factory.xml.XmlBeanDefinitionReader] - Loading XML bean definitions from class path resource [jdbc.xml]
2014-05-02 11:21:11,556 INFO [org.springframework.beans.factory.config.PropertyPlaceholderConfigurer] - Loading properties file from class path resource [oracle.properties]
2014-05-02 11:21:11,571 INFO [org.springframework.beans.factory.support.DefaultListableBeanFactory] - Pre-instantiating singletons in org.springframework.beans.factory.support.DefaultListableBeanFactory@117f31e: defining beans [properties,dataSource,employeeDao,employeeService]; root of factory hierarchy
2014-05-02 11:21:11,587 INFO [org.springframework.jdbc.datasource.DriverManagerDataSource] - Loaded JDBC driver: oracle.jdbc.driver.OracleDriver
