2012-07-08 15:02:46,828 INFO [org.springframework.context.support.ClassPathXmlApplicationContext] - Refreshing org.springframework.context.support.ClassPathXmlApplicationContext@67ac19: startup date [Sun Jul 08 15:02:46 IST 2012]; root of context hierarchy
2012-07-08 15:02:46,875 INFO [org.springframework.beans.factory.xml.XmlBeanDefinitionReader] - Loading XML bean definitions from class path resource [jdbc.xml]
2012-07-08 15:02:47,109 INFO [org.springframework.beans.factory.config.PropertyPlaceholderConfigurer] - Loading properties file from class path resource [mysql.properties]
2012-07-08 15:02:47,109 INFO [org.springframework.beans.factory.support.DefaultListableBeanFactory] - Pre-instantiating singletons in org.springframework.beans.factory.support.DefaultListableBeanFactory@a46701: defining beans [properties,dataSource,jdbcTemplate,employeeDao]; root of factory hierarchy
2012-07-08 15:02:47,140 INFO [org.springframework.jdbc.datasource.DriverManagerDataSource] - Loaded JDBC driver: com.mysql.jdbc.Driver
2012-07-08 15:02:47,187 INFO [org.springframework.beans.factory.support.DefaultListableBeanFactory] - Destroying singletons in org.springframework.beans.factory.support.DefaultListableBeanFactory@a46701: defining beans [properties,dataSource,jdbcTemplate,employeeDao]; root of factory hierarchy
2012-07-08 15:03:51,281 INFO [org.springframework.context.support.ClassPathXmlApplicationContext] - Refreshing org.springframework.context.support.ClassPathXmlApplicationContext@53ba3d: startup date [Sun Jul 08 15:03:51 IST 2012]; root of context hierarchy
2012-07-08 15:03:51,359 INFO [org.springframework.beans.factory.xml.XmlBeanDefinitionReader] - Loading XML bean definitions from class path resource [jdbc.xml]
2012-07-08 15:03:51,609 INFO [org.springframework.beans.factory.config.PropertyPlaceholderConfigurer] - Loading properties file from class path resource [mysql.properties]
2012-07-08 15:03:51,625 INFO [org.springframework.beans.factory.support.DefaultListableBeanFactory] - Pre-instantiating singletons in org.springframework.beans.factory.support.DefaultListableBeanFactory@a46701: defining beans [properties,dataSource,sjt,employeeDao]; root of factory hierarchy
2012-07-08 15:03:51,640 INFO [org.springframework.jdbc.datasource.DriverManagerDataSource] - Loaded JDBC driver: com.mysql.jdbc.Driver
2012-07-08 15:03:51,687 INFO [org.springframework.beans.factory.support.DefaultListableBeanFactory] - Destroying singletons in org.springframework.beans.factory.support.DefaultListableBeanFactory@a46701: defining beans [properties,dataSource,sjt,employeeDao]; root of factory hierarchy
2012-07-08 15:05:33,937 INFO [org.springframework.context.support.ClassPathXmlApplicationContext] - Refreshing org.springframework.context.support.ClassPathXmlApplicationContext@53ba3d: startup date [Sun Jul 08 15:05:33 IST 2012]; root of context hierarchy
2012-07-08 15:05:34,031 INFO [org.springframework.beans.factory.xml.XmlBeanDefinitionReader] - Loading XML bean definitions from class path resource [jdbc.xml]
2012-07-08 15:05:34,250 INFO [org.springframework.beans.factory.config.PropertyPlaceholderConfigurer] - Loading properties file from class path resource [mysql.properties]
2012-07-08 15:05:34,265 INFO [org.springframework.beans.factory.support.DefaultListableBeanFactory] - Pre-instantiating singletons in org.springframework.beans.factory.support.DefaultListableBeanFactory@a46701: defining beans [properties,dataSource,simpleJdbcTemplate,employeeDao]; root of factory hierarchy
2012-07-08 15:05:34,281 INFO [org.springframework.jdbc.datasource.DriverManagerDataSource] - Loaded JDBC driver: com.mysql.jdbc.Driver
2012-07-08 15:05:34,312 INFO [org.springframework.beans.factory.support.DefaultListableBeanFactory] - Destroying singletons in org.springframework.beans.factory.support.DefaultListableBeanFactory@a46701: defining beans [properties,dataSource,simpleJdbcTemplate,employeeDao]; root of factory hierarchy
2012-07-08 15:06:13,484 INFO [org.springframework.context.support.ClassPathXmlApplicationContext] - Refreshing org.springframework.context.support.ClassPathXmlApplicationContext@67ac19: startup date [Sun Jul 08 15:06:13 IST 2012]; root of context hierarchy
2012-07-08 15:06:13,546 INFO [org.springframework.beans.factory.xml.XmlBeanDefinitionReader] - Loading XML bean definitions from class path resource [jdbc.xml]
2012-07-08 15:06:13,796 INFO [org.springframework.beans.factory.config.PropertyPlaceholderConfigurer] - Loading properties file from class path resource [mysql.properties]
2012-07-08 15:06:13,796 INFO [org.springframework.beans.factory.support.DefaultListableBeanFactory] - Pre-instantiating singletons in org.springframework.beans.factory.support.DefaultListableBeanFactory@a46701: defining beans [properties,dataSource,simpleJdbcTemplate,employeeDao]; root of factory hierarchy
2012-07-08 15:06:13,812 INFO [org.springframework.jdbc.datasource.DriverManagerDataSource] - Loaded JDBC driver: com.mysql.jdbc.Driver
2012-07-08 15:06:13,859 INFO [org.springframework.beans.factory.support.DefaultListableBeanFactory] - Destroying singletons in org.springframework.beans.factory.support.DefaultListableBeanFactory@a46701: defining beans [properties,dataSource,simpleJdbcTemplate,employeeDao]; root of factory hierarchy
2012-07-08 15:06:51,609 INFO [org.springframework.context.support.ClassPathXmlApplicationContext] - Refreshing org.springframework.context.support.ClassPathXmlApplicationContext@67ac19: startup date [Sun Jul 08 15:06:51 IST 2012]; root of context hierarchy
2012-07-08 15:06:51,671 INFO [org.springframework.beans.factory.xml.XmlBeanDefinitionReader] - Loading XML bean definitions from class path resource [jdbc.xml]
2012-07-08 15:06:51,906 INFO [org.springframework.beans.factory.config.PropertyPlaceholderConfigurer] - Loading properties file from class path resource [mysql.properties]
2012-07-08 15:06:51,921 INFO [org.springframework.beans.factory.support.DefaultListableBeanFactory] - Pre-instantiating singletons in org.springframework.beans.factory.support.DefaultListableBeanFactory@1bc887b: defining beans [properties,dataSource,simpleJdbcTemplate,employeeDao]; root of factory hierarchy
2012-07-08 15:06:51,937 INFO [org.springframework.jdbc.datasource.DriverManagerDataSource] - Loaded JDBC driver: com.mysql.jdbc.Driver
2012-07-08 15:07:57,265 INFO [org.springframework.context.support.ClassPathXmlApplicationContext] - Refreshing org.springframework.context.support.ClassPathXmlApplicationContext@67ac19: startup date [Sun Jul 08 15:07:57 IST 2012]; root of context hierarchy
2012-07-08 15:07:57,312 INFO [org.springframework.beans.factory.xml.XmlBeanDefinitionReader] - Loading XML bean definitions from class path resource [jdbc.xml]
2012-07-08 15:07:57,546 INFO [org.springframework.beans.factory.config.PropertyPlaceholderConfigurer] - Loading properties file from class path resource [mysql.properties]
2012-07-08 15:07:57,546 INFO [org.springframework.beans.factory.support.DefaultListableBeanFactory] - Pre-instantiating singletons in org.springframework.beans.factory.support.DefaultListableBeanFactory@1bc887b: defining beans [properties,dataSource,simpleJdbcTemplate,employeeDao]; root of factory hierarchy
2012-07-08 15:07:57,562 INFO [org.springframework.jdbc.datasource.DriverManagerDataSource] - Loaded JDBC driver: com.mysql.jdbc.Driver
2012-07-08 15:13:42,875 INFO [org.springframework.context.support.ClassPathXmlApplicationContext] - Refreshing org.springframework.context.support.ClassPathXmlApplicationContext@67ac19: startup date [Sun Jul 08 15:13:42 IST 2012]; root of context hierarchy
2012-07-08 15:13:42,937 INFO [org.springframework.beans.factory.xml.XmlBeanDefinitionReader] - Loading XML bean definitions from class path resource [jdbc.xml]
2012-07-08 15:13:43,140 INFO [org.springframework.beans.factory.config.PropertyPlaceholderConfigurer] - Loading properties file from class path resource [mysql.properties]
2012-07-08 15:13:43,156 INFO [org.springframework.beans.factory.support.DefaultListableBeanFactory] - Pre-instantiating singletons in org.springframework.beans.factory.support.DefaultListableBeanFactory@1bc887b: defining beans [properties,dataSource,simpleJdbcTemplate,employeeDao]; root of factory hierarchy
2012-07-08 15:13:43,156 INFO [org.springframework.jdbc.datasource.DriverManagerDataSource] - Loaded JDBC driver: com.mysql.jdbc.Driver
2012-07-08 15:13:43,515 INFO [org.springframework.beans.factory.xml.XmlBeanDefinitionReader] - Loading XML bean definitions from class path resource [org/springframework/jdbc/support/sql-error-codes.xml]
2012-07-08 15:13:43,593 INFO [org.springframework.jdbc.support.SQLErrorCodesFactory] - SQLErrorCodes loaded: [DB2, Derby, H2, HSQL, Informix, MS-SQL, MySQL, Oracle, PostgreSQL, Sybase]
2012-07-08 15:14:12,421 INFO [org.springframework.context.support.ClassPathXmlApplicationContext] - Refreshing org.springframework.context.support.ClassPathXmlApplicationContext@53ba3d: startup date [Sun Jul 08 15:14:12 IST 2012]; root of context hierarchy
2012-07-08 15:14:12,468 INFO [org.springframework.beans.factory.xml.XmlBeanDefinitionReader] - Loading XML bean definitions from class path resource [jdbc.xml]
2012-07-08 15:14:12,656 INFO [org.springframework.beans.factory.config.PropertyPlaceholderConfigurer] - Loading properties file from class path resource [mysql.properties]
2012-07-08 15:14:12,671 INFO [org.springframework.beans.factory.support.DefaultListableBeanFactory] - Pre-instantiating singletons in org.springframework.beans.factory.support.DefaultListableBeanFactory@a46701: defining beans [properties,dataSource,simpleJdbcTemplate,employeeDao]; root of factory hierarchy
2012-07-08 15:14:12,687 INFO [org.springframework.jdbc.datasource.DriverManagerDataSource] - Loaded JDBC driver: com.mysql.jdbc.Driver
2012-07-08 15:17:19,968 INFO [org.springframework.context.support.ClassPathXmlApplicationContext] - Refreshing org.springframework.context.support.ClassPathXmlApplicationContext@53ba3d: startup date [Sun Jul 08 15:17:19 IST 2012]; root of context hierarchy
2012-07-08 15:17:20,031 INFO [org.springframework.beans.factory.xml.XmlBeanDefinitionReader] - Loading XML bean definitions from class path resource [jdbc.xml]
2012-07-08 15:17:20,250 INFO [org.springframework.beans.factory.config.PropertyPlaceholderConfigurer] - Loading properties file from class path resource [mysql.properties]
2012-07-08 15:17:20,250 INFO [org.springframework.beans.factory.support.DefaultListableBeanFactory] - Pre-instantiating singletons in org.springframework.beans.factory.support.DefaultListableBeanFactory@a46701: defining beans [properties,dataSource,simpleJdbcTemplate,employeeDao]; root of factory hierarchy
2012-07-08 15:17:20,265 INFO [org.springframework.jdbc.datasource.DriverManagerDataSource] - Loaded JDBC driver: com.mysql.jdbc.Driver
2012-07-08 15:26:23,453 INFO [org.springframework.context.support.ClassPathXmlApplicationContext] - Refreshing org.springframework.context.support.ClassPathXmlApplicationContext@67ac19: startup date [Sun Jul 08 15:26:23 IST 2012]; root of context hierarchy
2012-07-08 15:26:23,500 INFO [org.springframework.beans.factory.xml.XmlBeanDefinitionReader] - Loading XML bean definitions from class path resource [jdbc.xml]
2012-07-08 15:26:23,671 INFO [org.springframework.beans.factory.config.PropertyPlaceholderConfigurer] - Loading properties file from class path resource [mysql.properties]
2012-07-08 15:26:23,671 INFO [org.springframework.beans.factory.support.DefaultListableBeanFactory] - Pre-instantiating singletons in org.springframework.beans.factory.support.DefaultListableBeanFactory@a46701: defining beans [properties,dataSource,simpleJdbcTemplate,employeeDao]; root of factory hierarchy
2012-07-08 15:26:23,687 INFO [org.springframework.jdbc.datasource.DriverManagerDataSource] - Loaded JDBC driver: com.mysql.jdbc.Driver
2012-07-08 15:27:17,406 INFO [org.springframework.context.support.ClassPathXmlApplicationContext] - Refreshing org.springframework.context.support.ClassPathXmlApplicationContext@67ac19: startup date [Sun Jul 08 15:27:17 IST 2012]; root of context hierarchy
2012-07-08 15:27:17,484 INFO [org.springframework.beans.factory.xml.XmlBeanDefinitionReader] - Loading XML bean definitions from class path resource [jdbc.xml]
2012-07-08 15:27:17,750 INFO [org.springframework.beans.factory.config.PropertyPlaceholderConfigurer] - Loading properties file from class path resource [mysql.properties]
2012-07-08 15:27:17,750 INFO [org.springframework.beans.factory.support.DefaultListableBeanFactory] - Pre-instantiating singletons in org.springframework.beans.factory.support.DefaultListableBeanFactory@a46701: defining beans [properties,dataSource,simpleJdbcTemplate,employeeDao]; root of factory hierarchy
2012-07-08 15:27:17,765 INFO [org.springframework.jdbc.datasource.DriverManagerDataSource] - Loaded JDBC driver: com.mysql.jdbc.Driver
2012-07-08 15:27:54,609 INFO [org.springframework.context.support.ClassPathXmlApplicationContext] - Refreshing org.springframework.context.support.ClassPathXmlApplicationContext@67ac19: startup date [Sun Jul 08 15:27:54 IST 2012]; root of context hierarchy
2012-07-08 15:27:54,687 INFO [org.springframework.beans.factory.xml.XmlBeanDefinitionReader] - Loading XML bean definitions from class path resource [jdbc.xml]
2012-07-08 15:27:54,937 INFO [org.springframework.beans.factory.config.PropertyPlaceholderConfigurer] - Loading properties file from class path resource [mysql.properties]
2012-07-08 15:27:54,953 INFO [org.springframework.beans.factory.support.DefaultListableBeanFactory] - Pre-instantiating singletons in org.springframework.beans.factory.support.DefaultListableBeanFactory@a46701: defining beans [properties,dataSource,simpleJdbcTemplate,employeeDao]; root of factory hierarchy
2012-07-08 15:27:54,984 INFO [org.springframework.jdbc.datasource.DriverManagerDataSource] - Loaded JDBC driver: com.mysql.jdbc.Driver
2012-07-08 15:28:27,000 INFO [org.springframework.context.support.ClassPathXmlApplicationContext] - Refreshing org.springframework.context.support.ClassPathXmlApplicationContext@67ac19: startup date [Sun Jul 08 15:28:27 IST 2012]; root of context hierarchy
2012-07-08 15:28:27,046 INFO [org.springframework.beans.factory.xml.XmlBeanDefinitionReader] - Loading XML bean definitions from class path resource [jdbc.xml]
2012-07-08 15:28:27,312 INFO [org.springframework.beans.factory.config.PropertyPlaceholderConfigurer] - Loading properties file from class path resource [mysql.properties]
2012-07-08 15:28:27,312 INFO [org.springframework.beans.factory.support.DefaultListableBeanFactory] - Pre-instantiating singletons in org.springframework.beans.factory.support.DefaultListableBeanFactory@1bc887b: defining beans [properties,dataSource,simpleJdbcTemplate,employeeDao]; root of factory hierarchy
2012-07-08 15:28:27,328 INFO [org.springframework.jdbc.datasource.DriverManagerDataSource] - Loaded JDBC driver: com.mysql.jdbc.Driver
2012-07-08 15:33:34,953 INFO [org.springframework.context.support.ClassPathXmlApplicationContext] - Refreshing org.springframework.context.support.ClassPathXmlApplicationContext@67ac19: startup date [Sun Jul 08 15:33:34 IST 2012]; root of context hierarchy
2012-07-08 15:33:35,015 INFO [org.springframework.beans.factory.xml.XmlBeanDefinitionReader] - Loading XML bean definitions from class path resource [jdbc.xml]
2012-07-08 15:33:35,203 INFO [org.springframework.beans.factory.config.PropertyPlaceholderConfigurer] - Loading properties file from class path resource [mysql.properties]
2012-07-08 15:33:35,218 INFO [org.springframework.beans.factory.support.DefaultListableBeanFactory] - Pre-instantiating singletons in org.springframework.beans.factory.support.DefaultListableBeanFactory@a46701: defining beans [properties,dataSource,simpleJdbcTemplate,employeeDao]; root of factory hierarchy
2012-07-08 15:33:35,234 INFO [org.springframework.jdbc.datasource.DriverManagerDataSource] - Loaded JDBC driver: com.mysql.jdbc.Driver
2012-07-08 15:47:45,843 INFO [org.springframework.context.support.ClassPathXmlApplicationContext] - Refreshing org.springframework.context.support.ClassPathXmlApplicationContext@53ba3d: startup date [Sun Jul 08 15:47:45 IST 2012]; root of context hierarchy
2012-07-08 15:47:45,890 INFO [org.springframework.beans.factory.xml.XmlBeanDefinitionReader] - Loading XML bean definitions from class path resource [jdbc.xml]
2012-07-08 15:47:46,093 INFO [org.springframework.beans.factory.config.PropertyPlaceholderConfigurer] - Loading properties file from class path resource [mysql.properties]
2012-07-08 15:47:46,109 INFO [org.springframework.beans.factory.support.DefaultListableBeanFactory] - Pre-instantiating singletons in org.springframework.beans.factory.support.DefaultListableBeanFactory@a46701: defining beans [properties,dataSource,simpleJdbcTemplate,employeeDao]; root of factory hierarchy
2012-07-08 15:47:46,109 INFO [org.springframework.jdbc.datasource.DriverManagerDataSource] - Loaded JDBC driver: com.mysql.jdbc.Driver
2012-07-08 15:47:46,484 INFO [org.springframework.beans.factory.xml.XmlBeanDefinitionReader] - Loading XML bean definitions from class path resource [org/springframework/jdbc/support/sql-error-codes.xml]
2012-07-08 15:47:46,515 INFO [org.springframework.jdbc.support.SQLErrorCodesFactory] - SQLErrorCodes loaded: [DB2, Derby, H2, HSQL, Informix, MS-SQL, MySQL, Oracle, PostgreSQL, Sybase]
2012-07-08 15:48:01,718 INFO [org.springframework.context.support.ClassPathXmlApplicationContext] - Refreshing org.springframework.context.support.ClassPathXmlApplicationContext@53ba3d: startup date [Sun Jul 08 15:48:01 IST 2012]; root of context hierarchy
2012-07-08 15:48:01,765 INFO [org.springframework.beans.factory.xml.XmlBeanDefinitionReader] - Loading XML bean definitions from class path resource [jdbc.xml]
2012-07-08 15:48:02,015 INFO [org.springframework.beans.factory.config.PropertyPlaceholderConfigurer] - Loading properties file from class path resource [mysql.properties]
2012-07-08 15:48:02,031 INFO [org.springframework.beans.factory.support.DefaultListableBeanFactory] - Pre-instantiating singletons in org.springframework.beans.factory.support.DefaultListableBeanFactory@a46701: defining beans [properties,dataSource,simpleJdbcTemplate,employeeDao]; root of factory hierarchy
2012-07-08 15:48:02,031 INFO [org.springframework.jdbc.datasource.DriverManagerDataSource] - Loaded JDBC driver: com.mysql.jdbc.Driver
2012-07-08 15:52:49,750 INFO [org.springframework.context.support.ClassPathXmlApplicationContext] - Refreshing org.springframework.context.support.ClassPathXmlApplicationContext@53ba3d: startup date [Sun Jul 08 15:52:49 IST 2012]; root of context hierarchy
2012-07-08 15:52:49,796 INFO [org.springframework.beans.factory.xml.XmlBeanDefinitionReader] - Loading XML bean definitions from class path resource [jdbc.xml]
2012-07-08 15:52:50,031 INFO [org.springframework.beans.factory.config.PropertyPlaceholderConfigurer] - Loading properties file from class path resource [mysql.properties]
2012-07-08 15:52:50,031 INFO [org.springframework.beans.factory.support.DefaultListableBeanFactory] - Pre-instantiating singletons in org.springframework.beans.factory.support.DefaultListableBeanFactory@a46701: defining beans [properties,dataSource,simpleJdbcTemplate,employeeDao]; root of factory hierarchy
2012-07-08 15:52:50,046 INFO [org.springframework.jdbc.datasource.DriverManagerDataSource] - Loaded JDBC driver: com.mysql.jdbc.Driver
2012-07-08 15:52:50,468 INFO [org.springframework.beans.factory.xml.XmlBeanDefinitionReader] - Loading XML bean definitions from class path resource [org/springframework/jdbc/support/sql-error-codes.xml]
2012-07-08 15:52:50,500 INFO [org.springframework.jdbc.support.SQLErrorCodesFactory] - SQLErrorCodes loaded: [DB2, Derby, H2, HSQL, Informix, MS-SQL, MySQL, Oracle, PostgreSQL, Sybase]
2012-07-08 15:53:22,015 INFO [org.springframework.context.support.ClassPathXmlApplicationContext] - Refreshing org.springframework.context.support.ClassPathXmlApplicationContext@67ac19: startup date [Sun Jul 08 15:53:22 IST 2012]; root of context hierarchy
2012-07-08 15:53:22,078 INFO [org.springframework.beans.factory.xml.XmlBeanDefinitionReader] - Loading XML bean definitions from class path resource [jdbc.xml]
2012-07-08 15:53:22,296 INFO [org.springframework.beans.factory.config.PropertyPlaceholderConfigurer] - Loading properties file from class path resource [mysql.properties]
2012-07-08 15:53:22,312 INFO [org.springframework.beans.factory.support.DefaultListableBeanFactory] - Pre-instantiating singletons in org.springframework.beans.factory.support.DefaultListableBeanFactory@1bc887b: defining beans [properties,dataSource,simpleJdbcTemplate,employeeDao]; root of factory hierarchy
2012-07-08 15:53:22,328 INFO [org.springframework.jdbc.datasource.DriverManagerDataSource] - Loaded JDBC driver: com.mysql.jdbc.Driver
2012-07-08 15:53:37,390 INFO [org.springframework.context.support.ClassPathXmlApplicationContext] - Refreshing org.springframework.context.support.ClassPathXmlApplicationContext@67ac19: startup date [Sun Jul 08 15:53:37 IST 2012]; root of context hierarchy
2012-07-08 15:53:37,437 INFO [org.springframework.beans.factory.xml.XmlBeanDefinitionReader] - Loading XML bean definitions from class path resource [jdbc.xml]
2012-07-08 15:53:37,671 INFO [org.springframework.beans.factory.config.PropertyPlaceholderConfigurer] - Loading properties file from class path resource [mysql.properties]
2012-07-08 15:53:37,671 INFO [org.springframework.beans.factory.support.DefaultListableBeanFactory] - Pre-instantiating singletons in org.springframework.beans.factory.support.DefaultListableBeanFactory@a46701: defining beans [properties,dataSource,simpleJdbcTemplate,employeeDao]; root of factory hierarchy
2012-07-08 15:53:37,687 INFO [org.springframework.jdbc.datasource.DriverManagerDataSource] - Loaded JDBC driver: com.mysql.jdbc.Driver
2012-07-09 11:28:23,690 INFO [org.springframework.context.support.ClassPathXmlApplicationContext] - Refreshing org.springframework.context.support.ClassPathXmlApplicationContext@67ac19: startup date [Mon Jul 09 11:28:23 IST 2012]; root of context hierarchy
2012-07-09 11:28:23,861 INFO [org.springframework.beans.factory.xml.XmlBeanDefinitionReader] - Loading XML bean definitions from class path resource [jdbc.xml]
2012-07-09 11:28:24,455 INFO [org.springframework.beans.factory.config.PropertyPlaceholderConfigurer] - Loading properties file from class path resource [mysql.properties]
2012-07-09 11:28:24,471 INFO [org.springframework.beans.factory.support.DefaultListableBeanFactory] - Pre-instantiating singletons in org.springframework.beans.factory.support.DefaultListableBeanFactory@1bc887b: defining beans [properties,dataSource,simpleJdbcTemplate,employeeDao]; root of factory hierarchy
2012-07-09 11:28:24,486 INFO [org.springframework.jdbc.datasource.DriverManagerDataSource] - Loaded JDBC driver: com.mysql.jdbc.Driver
2012-07-09 11:29:51,355 INFO [org.springframework.context.support.ClassPathXmlApplicationContext] - Refreshing org.springframework.context.support.ClassPathXmlApplicationContext@67ac19: startup date [Mon Jul 09 11:29:51 IST 2012]; root of context hierarchy
2012-07-09 11:29:51,401 INFO [org.springframework.beans.factory.xml.XmlBeanDefinitionReader] - Loading XML bean definitions from class path resource [jdbc.xml]
2012-07-09 11:29:51,573 INFO [org.springframework.beans.factory.config.PropertyPlaceholderConfigurer] - Loading properties file from class path resource [mysql.properties]
2012-07-09 11:29:51,589 INFO [org.springframework.beans.factory.support.DefaultListableBeanFactory] - Pre-instantiating singletons in org.springframework.beans.factory.support.DefaultListableBeanFactory@1bc887b: defining beans [properties,dataSource,simpleJdbcTemplate,employeeDao]; root of factory hierarchy
2012-07-09 11:29:51,589 INFO [org.springframework.jdbc.datasource.DriverManagerDataSource] - Loaded JDBC driver: com.mysql.jdbc.Driver
2012-07-09 11:30:29,829 INFO [org.springframework.context.support.ClassPathXmlApplicationContext] - Refreshing org.springframework.context.support.ClassPathXmlApplicationContext@67ac19: startup date [Mon Jul 09 11:30:29 IST 2012]; root of context hierarchy
2012-07-09 11:30:29,876 INFO [org.springframework.beans.factory.xml.XmlBeanDefinitionReader] - Loading XML bean definitions from class path resource [jdbc.xml]
2012-07-09 11:30:30,079 INFO [org.springframework.beans.factory.config.PropertyPlaceholderConfigurer] - Loading properties file from class path resource [mysql.properties]
2012-07-09 11:30:30,095 INFO [org.springframework.beans.factory.support.DefaultListableBeanFactory] - Pre-instantiating singletons in org.springframework.beans.factory.support.DefaultListableBeanFactory@1bc887b: defining beans [properties,dataSource,simpleJdbcTemplate,employeeDao]; root of factory hierarchy
2012-07-09 11:30:30,095 INFO [org.springframework.jdbc.datasource.DriverManagerDataSource] - Loaded JDBC driver: com.mysql.jdbc.Driver
2012-07-09 11:33:05,105 INFO [org.springframework.context.support.ClassPathXmlApplicationContext] - Refreshing org.springframework.context.support.ClassPathXmlApplicationContext@67ac19: startup date [Mon Jul 09 11:33:05 IST 2012]; root of context hierarchy
2012-07-09 11:33:05,214 INFO [org.springframework.beans.factory.xml.XmlBeanDefinitionReader] - Loading XML bean definitions from class path resource [jdbc.xml]
2012-07-09 11:33:05,402 INFO [org.springframework.beans.factory.config.PropertyPlaceholderConfigurer] - Loading properties file from class path resource [mysql.properties]
2012-07-09 11:33:05,402 INFO [org.springframework.beans.factory.support.DefaultListableBeanFactory] - Pre-instantiating singletons in org.springframework.beans.factory.support.DefaultListableBeanFactory@1bc887b: defining beans [properties,dataSource,simpleJdbcTemplate,employeeDao]; root of factory hierarchy
2012-07-09 11:33:05,417 INFO [org.springframework.jdbc.datasource.DriverManagerDataSource] - Loaded JDBC driver: com.mysql.jdbc.Driver
2012-07-09 11:35:15,559 INFO [org.springframework.context.support.ClassPathXmlApplicationContext] - Refreshing org.springframework.context.support.ClassPathXmlApplicationContext@67ac19: startup date [Mon Jul 09 11:35:15 IST 2012]; root of context hierarchy
2012-07-09 11:35:15,621 INFO [org.springframework.beans.factory.xml.XmlBeanDefinitionReader] - Loading XML bean definitions from class path resource [jdbc.xml]
2012-07-09 11:35:15,824 INFO [org.springframework.beans.factory.config.PropertyPlaceholderConfigurer] - Loading properties file from class path resource [mysql.properties]
2012-07-09 11:35:15,824 INFO [org.springframework.beans.factory.support.DefaultListableBeanFactory] - Pre-instantiating singletons in org.springframework.beans.factory.support.DefaultListableBeanFactory@1bc887b: defining beans [properties,dataSource,simpleJdbcTemplate,employeeDao]; root of factory hierarchy
2012-07-09 11:35:15,840 INFO [org.springframework.jdbc.datasource.DriverManagerDataSource] - Loaded JDBC driver: com.mysql.jdbc.Driver
2012-07-09 11:41:58,957 INFO [org.springframework.context.support.ClassPathXmlApplicationContext] - Refreshing org.springframework.context.support.ClassPathXmlApplicationContext@67ac19: startup date [Mon Jul 09 11:41:58 IST 2012]; root of context hierarchy
2012-07-09 11:41:59,035 INFO [org.springframework.beans.factory.xml.XmlBeanDefinitionReader] - Loading XML bean definitions from class path resource [jdbc.xml]
2012-07-09 11:41:59,238 INFO [org.springframework.beans.factory.config.PropertyPlaceholderConfigurer] - Loading properties file from class path resource [mysql.properties]
2012-07-09 11:41:59,238 INFO [org.springframework.beans.factory.support.DefaultListableBeanFactory] - Pre-instantiating singletons in org.springframework.beans.factory.support.DefaultListableBeanFactory@a46701: defining beans [properties,dataSource,simpleJdbcTemplate,employeeDao]; root of factory hierarchy
2012-07-09 11:41:59,254 INFO [org.springframework.jdbc.datasource.DriverManagerDataSource] - Loaded JDBC driver: com.mysql.jdbc.Driver
2012-07-09 11:42:13,800 INFO [org.springframework.context.support.ClassPathXmlApplicationContext] - Refreshing org.springframework.context.support.ClassPathXmlApplicationContext@67ac19: startup date [Mon Jul 09 11:42:13 IST 2012]; root of context hierarchy
2012-07-09 11:42:13,847 INFO [org.springframework.beans.factory.xml.XmlBeanDefinitionReader] - Loading XML bean definitions from class path resource [jdbc.xml]
2012-07-09 11:42:14,019 INFO [org.springframework.beans.factory.config.PropertyPlaceholderConfigurer] - Loading properties file from class path resource [mysql.properties]
2012-07-09 11:42:14,019 INFO [org.springframework.beans.factory.support.DefaultListableBeanFactory] - Pre-instantiating singletons in org.springframework.beans.factory.support.DefaultListableBeanFactory@a46701: defining beans [properties,dataSource,simpleJdbcTemplate,employeeDao]; root of factory hierarchy
2012-07-09 11:42:14,034 INFO [org.springframework.jdbc.datasource.DriverManagerDataSource] - Loaded JDBC driver: com.mysql.jdbc.Driver
2012-07-09 11:49:25,760 INFO [org.springframework.context.support.ClassPathXmlApplicationContext] - Refreshing org.springframework.context.support.ClassPathXmlApplicationContext@53ba3d: startup date [Mon Jul 09 11:49:25 IST 2012]; root of context hierarchy
2012-07-09 11:49:25,838 INFO [org.springframework.beans.factory.xml.XmlBeanDefinitionReader] - Loading XML bean definitions from class path resource [jdbc.xml]
2012-07-09 11:49:26,104 INFO [org.springframework.beans.factory.config.PropertyPlaceholderConfigurer] - Loading properties file from class path resource [mysql.properties]
2012-07-09 11:49:26,119 INFO [org.springframework.beans.factory.support.DefaultListableBeanFactory] - Pre-instantiating singletons in org.springframework.beans.factory.support.DefaultListableBeanFactory@a46701: defining beans [properties,dataSource,simpleJdbcTemplate,employeeDao]; root of factory hierarchy
2012-07-09 11:49:26,135 INFO [org.springframework.jdbc.datasource.DriverManagerDataSource] - Loaded JDBC driver: com.mysql.jdbc.Driver
2013-05-21 13:53:10,647 INFO [org.springframework.context.support.ClassPathXmlApplicationContext] - Refreshing org.springframework.context.support.ClassPathXmlApplicationContext@e80a59: startup date [Tue May 21 13:53:10 IST 2013]; root of context hierarchy
2013-05-21 13:53:10,803 INFO [org.springframework.beans.factory.xml.XmlBeanDefinitionReader] - Loading XML bean definitions from class path resource [jdbc.xml]
2013-05-21 13:53:11,600 INFO [org.springframework.beans.factory.config.PropertyPlaceholderConfigurer] - Loading properties file from class path resource [mysql.properties]
2013-05-21 13:53:11,600 INFO [org.springframework.beans.factory.support.DefaultListableBeanFactory] - Pre-instantiating singletons in org.springframework.beans.factory.support.DefaultListableBeanFactory@166a22b: defining beans [properties,dataSource,simpleJdbcTemplate,employeeDao]; root of factory hierarchy
2013-05-21 13:53:11,693 INFO [org.springframework.jdbc.datasource.DriverManagerDataSource] - Loaded JDBC driver: com.mysql.jdbc.Driver
2013-05-21 14:23:19,648 INFO [org.springframework.context.support.ClassPathXmlApplicationContext] - Refreshing org.springframework.context.support.ClassPathXmlApplicationContext@e80a59: startup date [Tue May 21 14:23:19 IST 2013]; root of context hierarchy
2013-05-21 14:23:19,695 INFO [org.springframework.beans.factory.xml.XmlBeanDefinitionReader] - Loading XML bean definitions from class path resource [jdbc.xml]
2013-05-21 14:23:19,929 INFO [org.springframework.beans.factory.config.PropertyPlaceholderConfigurer] - Loading properties file from class path resource [mysql.properties]
2013-05-21 14:23:19,929 INFO [org.springframework.beans.factory.support.DefaultListableBeanFactory] - Pre-instantiating singletons in org.springframework.beans.factory.support.DefaultListableBeanFactory@166a22b: defining beans [properties,dataSource,simpleJdbcTemplate,employeeDao]; root of factory hierarchy
2013-05-21 14:23:19,944 INFO [org.springframework.jdbc.datasource.DriverManagerDataSource] - Loaded JDBC driver: com.mysql.jdbc.Driver
2013-05-21 14:23:20,538 INFO [org.springframework.beans.factory.xml.XmlBeanDefinitionReader] - Loading XML bean definitions from class path resource [org/springframework/jdbc/support/sql-error-codes.xml]
2013-05-21 14:23:20,616 INFO [org.springframework.jdbc.support.SQLErrorCodesFactory] - SQLErrorCodes loaded: [DB2, Derby, H2, HSQL, Informix, MS-SQL, MySQL, Oracle, PostgreSQL, Sybase]
2013-05-21 14:24:44,150 INFO [org.springframework.context.support.ClassPathXmlApplicationContext] - Refreshing org.springframework.context.support.ClassPathXmlApplicationContext@53ba3d: startup date [Tue May 21 14:24:44 IST 2013]; root of context hierarchy
2013-05-21 14:24:44,196 INFO [org.springframework.beans.factory.xml.XmlBeanDefinitionReader] - Loading XML bean definitions from class path resource [jdbc.xml]
2013-05-21 14:24:44,384 INFO [org.springframework.beans.factory.config.PropertyPlaceholderConfigurer] - Loading properties file from class path resource [mysql.properties]
2013-05-21 14:24:44,399 INFO [org.springframework.beans.factory.support.DefaultListableBeanFactory] - Pre-instantiating singletons in org.springframework.beans.factory.support.DefaultListableBeanFactory@166a22b: defining beans [properties,dataSource,simpleJdbcTemplate,employeeDao]; root of factory hierarchy
2013-05-21 14:24:44,399 INFO [org.springframework.jdbc.datasource.DriverManagerDataSource] - Loaded JDBC driver: com.mysql.jdbc.Driver
2013-05-21 14:24:44,836 INFO [org.springframework.beans.factory.xml.XmlBeanDefinitionReader] - Loading XML bean definitions from class path resource [org/springframework/jdbc/support/sql-error-codes.xml]
2013-05-21 14:24:44,852 INFO [org.springframework.jdbc.support.SQLErrorCodesFactory] - SQLErrorCodes loaded: [DB2, Derby, H2, HSQL, Informix, MS-SQL, MySQL, Oracle, PostgreSQL, Sybase]
2013-06-20 10:27:52,465 INFO [org.springframework.context.support.ClassPathXmlApplicationContext] - Refreshing org.springframework.context.support.ClassPathXmlApplicationContext@e80a59: startup date [Thu Jun 20 10:27:52 IST 2013]; root of context hierarchy
2013-06-20 10:27:52,528 INFO [org.springframework.beans.factory.xml.XmlBeanDefinitionReader] - Loading XML bean definitions from class path resource [jdbc.xml]
2013-06-20 10:27:52,840 INFO [org.springframework.beans.factory.config.PropertyPlaceholderConfigurer] - Loading properties file from class path resource [mysql.properties]
2013-06-20 10:27:52,840 INFO [org.springframework.beans.factory.support.DefaultListableBeanFactory] - Destroying singletons in org.springframework.beans.factory.support.DefaultListableBeanFactory@120cc56: defining beans [properties,dataSource,simpleJdbcTemplate,employeeDao]; root of factory hierarchy
2013-06-20 10:28:24,417 INFO [org.springframework.context.support.ClassPathXmlApplicationContext] - Refreshing org.springframework.context.support.ClassPathXmlApplicationContext@1ff5ea7: startup date [Thu Jun 20 10:28:24 IST 2013]; root of context hierarchy
2013-06-20 10:28:24,479 INFO [org.springframework.beans.factory.xml.XmlBeanDefinitionReader] - Loading XML bean definitions from class path resource [jdbc.xml]
2013-06-20 10:28:24,682 INFO [org.springframework.beans.factory.config.PropertyPlaceholderConfigurer] - Loading properties file from class path resource [oracle.properties]
2013-06-20 10:28:24,682 INFO [org.springframework.beans.factory.support.DefaultListableBeanFactory] - Pre-instantiating singletons in org.springframework.beans.factory.support.DefaultListableBeanFactory@120cc56: defining beans [properties,dataSource,simpleJdbcTemplate,employeeDao]; root of factory hierarchy
2013-06-20 10:28:24,698 INFO [org.springframework.jdbc.datasource.DriverManagerDataSource] - Loaded JDBC driver: oracle.jdbc.driver.OracleDriver
2013-06-20 10:28:25,604 INFO [org.springframework.beans.factory.xml.XmlBeanDefinitionReader] - Loading XML bean definitions from class path resource [org/springframework/jdbc/support/sql-error-codes.xml]
2013-06-20 10:28:25,667 INFO [org.springframework.jdbc.support.SQLErrorCodesFactory] - SQLErrorCodes loaded: [DB2, Derby, H2, HSQL, Informix, MS-SQL, MySQL, Oracle, PostgreSQL, Sybase]
2013-06-20 10:29:27,132 INFO [org.springframework.context.support.ClassPathXmlApplicationContext] - Refreshing org.springframework.context.support.ClassPathXmlApplicationContext@e80a59: startup date [Thu Jun 20 10:29:27 IST 2013]; root of context hierarchy
2013-06-20 10:29:27,179 INFO [org.springframework.beans.factory.xml.XmlBeanDefinitionReader] - Loading XML bean definitions from class path resource [jdbc.xml]
2013-06-20 10:29:27,350 INFO [org.springframework.beans.factory.config.PropertyPlaceholderConfigurer] - Loading properties file from class path resource [oracle.properties]
2013-06-20 10:29:27,366 INFO [org.springframework.beans.factory.support.DefaultListableBeanFactory] - Pre-instantiating singletons in org.springframework.beans.factory.support.DefaultListableBeanFactory@166a22b: defining beans [properties,dataSource,simpleJdbcTemplate,employeeDao]; root of factory hierarchy
2013-06-20 10:29:27,382 INFO [org.springframework.jdbc.datasource.DriverManagerDataSource] - Loaded JDBC driver: oracle.jdbc.driver.OracleDriver
2013-06-20 11:07:20,881 INFO [org.springframework.context.support.ClassPathXmlApplicationContext] - Refreshing org.springframework.context.support.ClassPathXmlApplicationContext@e80a59: startup date [Thu Jun 20 11:07:20 IST 2013]; root of context hierarchy
2013-06-20 11:07:20,960 INFO [org.springframework.beans.factory.xml.XmlBeanDefinitionReader] - Loading XML bean definitions from class path resource [jdbc.xml]
2013-06-20 11:07:21,209 INFO [org.springframework.beans.factory.config.PropertyPlaceholderConfigurer] - Loading properties file from class path resource [oracle.properties]
2013-06-20 11:07:21,225 INFO [org.springframework.beans.factory.support.DefaultListableBeanFactory] - Pre-instantiating singletons in org.springframework.beans.factory.support.DefaultListableBeanFactory@120cc56: defining beans [properties,dataSource,simpleJdbcTemplate,employeeDao]; root of factory hierarchy
2013-06-20 11:07:21,241 INFO [org.springframework.jdbc.datasource.DriverManagerDataSource] - Loaded JDBC driver: oracle.jdbc.driver.OracleDriver
2013-07-05 09:57:19,894 INFO [org.springframework.context.support.ClassPathXmlApplicationContext] - Refreshing org.springframework.context.support.ClassPathXmlApplicationContext@1813fac: startup date [Fri Jul 05 09:57:19 IST 2013]; root of context hierarchy
2013-07-05 09:57:20,832 INFO [org.springframework.beans.factory.xml.XmlBeanDefinitionReader] - Loading XML bean definitions from class path resource [jdbc.xml]
2013-07-05 09:57:22,847 INFO [org.springframework.beans.factory.config.PropertyPlaceholderConfigurer] - Loading properties file from class path resource [oracle.properties]
2013-07-05 09:57:22,910 INFO [org.springframework.beans.factory.support.DefaultListableBeanFactory] - Pre-instantiating singletons in org.springframework.beans.factory.support.DefaultListableBeanFactory@1aa57fb: defining beans [properties,dataSource,simpleJdbcTemplate,employeeDao]; root of factory hierarchy
2013-07-05 09:57:23,082 INFO [org.springframework.jdbc.datasource.DriverManagerDataSource] - Loaded JDBC driver: oracle.jdbc.driver.OracleDriver
2013-07-05 09:58:20,395 INFO [org.springframework.context.support.ClassPathXmlApplicationContext] - Refreshing org.springframework.context.support.ClassPathXmlApplicationContext@e80a59: startup date [Fri Jul 05 09:58:20 IST 2013]; root of context hierarchy
2013-07-05 09:58:20,457 INFO [org.springframework.beans.factory.xml.XmlBeanDefinitionReader] - Loading XML bean definitions from class path resource [jdbc.xml]
2013-07-05 09:58:20,692 INFO [org.springframework.beans.factory.config.PropertyPlaceholderConfigurer] - Loading properties file from class path resource [oracle.properties]
2013-07-05 09:58:20,707 INFO [org.springframework.beans.factory.support.DefaultListableBeanFactory] - Pre-instantiating singletons in org.springframework.beans.factory.support.DefaultListableBeanFactory@1aa57fb: defining beans [properties,dataSource,simpleJdbcTemplate,employeeDao]; root of factory hierarchy
2013-07-05 09:58:20,723 INFO [org.springframework.jdbc.datasource.DriverManagerDataSource] - Loaded JDBC driver: oracle.jdbc.driver.OracleDriver
2013-07-05 12:27:42,191 INFO [org.springframework.context.support.ClassPathXmlApplicationContext] - Refreshing org.springframework.context.support.ClassPathXmlApplicationContext@1ff5ea7: startup date [Fri Jul 05 12:27:42 IST 2013]; root of context hierarchy
2013-07-05 12:27:42,253 INFO [org.springframework.beans.factory.xml.XmlBeanDefinitionReader] - Loading XML bean definitions from class path resource [jdbc.xml]
2013-07-05 12:27:42,566 INFO [org.springframework.beans.factory.config.PropertyPlaceholderConfigurer] - Loading properties file from class path resource [oracle.properties]
2013-07-05 12:27:42,613 INFO [org.springframework.beans.factory.support.DefaultListableBeanFactory] - Pre-instantiating singletons in org.springframework.beans.factory.support.DefaultListableBeanFactory@763f5d: defining beans [properties,dataSource,simpleJdbcTemplate,employeeDao]; root of factory hierarchy
2013-07-05 12:27:42,691 INFO [org.springframework.jdbc.datasource.DriverManagerDataSource] - Loaded JDBC driver: oracle.jdbc.driver.OracleDriver
2013-07-05 12:28:07,957 INFO [org.springframework.context.support.ClassPathXmlApplicationContext] - Refreshing org.springframework.context.support.ClassPathXmlApplicationContext@9f2a0b: startup date [Fri Jul 05 12:28:07 IST 2013]; root of context hierarchy
2013-07-05 12:28:08,004 INFO [org.springframework.beans.factory.xml.XmlBeanDefinitionReader] - Loading XML bean definitions from class path resource [jdbc.xml]
2013-07-05 12:28:08,176 INFO [org.springframework.beans.factory.config.PropertyPlaceholderConfigurer] - Loading properties file from class path resource [oracle.properties]
2013-07-05 12:28:08,176 INFO [org.springframework.beans.factory.support.DefaultListableBeanFactory] - Pre-instantiating singletons in org.springframework.beans.factory.support.DefaultListableBeanFactory@186768e: defining beans [properties,dataSource,simpleJdbcTemplate,employeeDao]; root of factory hierarchy
2013-07-05 12:28:08,207 INFO [org.springframework.jdbc.datasource.DriverManagerDataSource] - Loaded JDBC driver: oracle.jdbc.driver.OracleDriver
2013-07-05 12:29:40,475 INFO [org.springframework.context.support.ClassPathXmlApplicationContext] - Refreshing org.springframework.context.support.ClassPathXmlApplicationContext@9f2a0b: startup date [Fri Jul 05 12:29:40 IST 2013]; root of context hierarchy
2013-07-05 12:29:40,522 INFO [org.springframework.beans.factory.xml.XmlBeanDefinitionReader] - Loading XML bean definitions from class path resource [jdbc.xml]
2013-07-05 12:29:40,694 INFO [org.springframework.beans.factory.config.PropertyPlaceholderConfigurer] - Loading properties file from class path resource [oracle.properties]
2013-07-05 12:29:40,694 INFO [org.springframework.beans.factory.support.DefaultListableBeanFactory] - Pre-instantiating singletons in org.springframework.beans.factory.support.DefaultListableBeanFactory@1ff7a1e: defining beans [properties,dataSource,simpleJdbcTemplate,employeeDao]; root of factory hierarchy
2013-07-05 12:29:40,725 INFO [org.springframework.jdbc.datasource.DriverManagerDataSource] - Loaded JDBC driver: oracle.jdbc.driver.OracleDriver
2013-07-05 12:37:41,921 INFO [org.springframework.context.support.ClassPathXmlApplicationContext] - Refreshing org.springframework.context.support.ClassPathXmlApplicationContext@9f2a0b: startup date [Fri Jul 05 12:37:41 IST 2013]; root of context hierarchy
2013-07-05 12:37:41,983 INFO [org.springframework.beans.factory.xml.XmlBeanDefinitionReader] - Loading XML bean definitions from class path resource [jdbc.xml]
2013-07-05 12:37:42,233 INFO [org.springframework.beans.factory.config.PropertyPlaceholderConfigurer] - Loading properties file from class path resource [oracle.properties]
2013-07-05 12:37:42,249 INFO [org.springframework.beans.factory.support.DefaultListableBeanFactory] - Pre-instantiating singletons in org.springframework.beans.factory.support.DefaultListableBeanFactory@1ff7a1e: defining beans [properties,dataSource,simpleJdbcTemplate,employeeDao]; root of factory hierarchy
2013-07-05 12:37:42,265 INFO [org.springframework.jdbc.datasource.DriverManagerDataSource] - Loaded JDBC driver: oracle.jdbc.driver.OracleDriver
2014-02-03 12:32:32,914 INFO [org.springframework.context.support.ClassPathXmlApplicationContext] - Refreshing org.springframework.context.support.ClassPathXmlApplicationContext@1b9240e: startup date [Mon Feb 03 12:32:32 IST 2014]; root of context hierarchy
2014-02-03 12:32:33,085 INFO [org.springframework.beans.factory.xml.XmlBeanDefinitionReader] - Loading XML bean definitions from class path resource [jdbc.xml]
2014-02-03 12:32:33,351 INFO [org.springframework.beans.factory.config.PropertyPlaceholderConfigurer] - Loading properties file from class path resource [oracle.properties]
2014-02-03 12:32:33,382 INFO [org.springframework.beans.factory.support.DefaultListableBeanFactory] - Pre-instantiating singletons in org.springframework.beans.factory.support.DefaultListableBeanFactory@5f6303: defining beans [properties,dataSource,simpleJdbcTemplate,employeeDao]; root of factory hierarchy
2014-02-03 12:32:33,414 INFO [org.springframework.jdbc.datasource.DriverManagerDataSource] - Loaded JDBC driver: oracle.jdbc.driver.OracleDriver
2014-02-03 12:32:55,048 INFO [org.springframework.context.support.ClassPathXmlApplicationContext] - Refreshing org.springframework.context.support.ClassPathXmlApplicationContext@482923: startup date [Mon Feb 03 12:32:55 IST 2014]; root of context hierarchy
2014-02-03 12:32:55,094 INFO [org.springframework.beans.factory.xml.XmlBeanDefinitionReader] - Loading XML bean definitions from class path resource [jdbc.xml]
2014-02-03 12:32:55,266 INFO [org.springframework.beans.factory.config.PropertyPlaceholderConfigurer] - Loading properties file from class path resource [oracle.properties]
2014-02-03 12:32:55,266 INFO [org.springframework.beans.factory.support.DefaultListableBeanFactory] - Pre-instantiating singletons in org.springframework.beans.factory.support.DefaultListableBeanFactory@331059: defining beans [properties,dataSource,simpleJdbcTemplate,employeeDao]; root of factory hierarchy
2014-02-03 12:32:55,298 INFO [org.springframework.jdbc.datasource.DriverManagerDataSource] - Loaded JDBC driver: oracle.jdbc.driver.OracleDriver
2014-02-03 12:47:45,077 INFO [org.springframework.context.support.ClassPathXmlApplicationContext] - Refreshing org.springframework.context.support.ClassPathXmlApplicationContext@1ee4648: startup date [Mon Feb 03 12:47:45 IST 2014]; root of context hierarchy
2014-02-03 12:47:45,140 INFO [org.springframework.beans.factory.xml.XmlBeanDefinitionReader] - Loading XML bean definitions from class path resource [jdbc.xml]
2014-02-03 12:47:45,327 INFO [org.springframework.beans.factory.config.PropertyPlaceholderConfigurer] - Loading properties file from class path resource [oracle.properties]
2014-02-03 12:47:45,343 INFO [org.springframework.beans.factory.support.DefaultListableBeanFactory] - Pre-instantiating singletons in org.springframework.beans.factory.support.DefaultListableBeanFactory@bad8a8: defining beans [properties,dataSource,simpleJdbcTemplate,employeeDao]; root of factory hierarchy
2014-02-03 12:47:45,358 INFO [org.springframework.jdbc.datasource.DriverManagerDataSource] - Loaded JDBC driver: oracle.jdbc.driver.OracleDriver
2014-02-03 12:47:46,015 INFO [org.springframework.beans.factory.xml.XmlBeanDefinitionReader] - Loading XML bean definitions from class path resource [org/springframework/jdbc/support/sql-error-codes.xml]
2014-02-03 12:47:46,077 INFO [org.springframework.jdbc.support.SQLErrorCodesFactory] - SQLErrorCodes loaded: [DB2, Derby, H2, HSQL, Informix, MS-SQL, MySQL, Oracle, PostgreSQL, Sybase]
2014-02-03 12:48:06,255 INFO [org.springframework.context.support.ClassPathXmlApplicationContext] - Refreshing org.springframework.context.support.ClassPathXmlApplicationContext@482923: startup date [Mon Feb 03 12:48:06 IST 2014]; root of context hierarchy
2014-02-03 12:48:06,302 INFO [org.springframework.beans.factory.xml.XmlBeanDefinitionReader] - Loading XML bean definitions from class path resource [jdbc.xml]
2014-02-03 12:48:06,474 INFO [org.springframework.beans.factory.config.PropertyPlaceholderConfigurer] - Loading properties file from class path resource [oracle.properties]
2014-02-03 12:48:06,474 INFO [org.springframework.beans.factory.support.DefaultListableBeanFactory] - Pre-instantiating singletons in org.springframework.beans.factory.support.DefaultListableBeanFactory@bad8a8: defining beans [properties,dataSource,simpleJdbcTemplate,employeeDao]; root of factory hierarchy
2014-02-03 12:48:06,505 INFO [org.springframework.jdbc.datasource.DriverManagerDataSource] - Loaded JDBC driver: oracle.jdbc.driver.OracleDriver
2014-02-10 10:54:10,546 INFO [org.springframework.context.support.ClassPathXmlApplicationContext] - Refreshing org.springframework.context.support.ClassPathXmlApplicationContext@482923: startup date [Mon Feb 10 10:54:10 IST 2014]; root of context hierarchy
2014-02-10 10:54:10,671 INFO [org.springframework.beans.factory.xml.XmlBeanDefinitionReader] - Loading XML bean definitions from class path resource [jdbc.xml]
2014-02-10 10:54:10,968 INFO [org.springframework.beans.factory.config.PropertyPlaceholderConfigurer] - Loading properties file from class path resource [oracle.properties]
2014-02-10 10:54:11,015 INFO [org.springframework.beans.factory.support.DefaultListableBeanFactory] - Pre-instantiating singletons in org.springframework.beans.factory.support.DefaultListableBeanFactory@e61fd1: defining beans [properties,dataSource,simpleJdbcTemplate,employeeDao]; root of factory hierarchy
2014-02-10 10:54:11,109 INFO [org.springframework.jdbc.datasource.DriverManagerDataSource] - Loaded JDBC driver: oracle.jdbc.driver.OracleDriver
2014-02-10 11:05:34,203 INFO [org.springframework.context.support.ClassPathXmlApplicationContext] - Refreshing org.springframework.context.support.ClassPathXmlApplicationContext@482923: startup date [Mon Feb 10 11:05:34 IST 2014]; root of context hierarchy
2014-02-10 11:05:34,265 INFO [org.springframework.beans.factory.xml.XmlBeanDefinitionReader] - Loading XML bean definitions from class path resource [jdbc.xml]
2014-02-10 11:05:34,484 INFO [org.springframework.beans.factory.config.PropertyPlaceholderConfigurer] - Loading properties file from class path resource [oracle.properties]
2014-02-10 11:05:34,500 INFO [org.springframework.beans.factory.support.DefaultListableBeanFactory] - Pre-instantiating singletons in org.springframework.beans.factory.support.DefaultListableBeanFactory@bad8a8: defining beans [properties,dataSource,simpleJdbcTemplate,employeeDao]; root of factory hierarchy
2014-02-10 11:05:34,531 INFO [org.springframework.jdbc.datasource.DriverManagerDataSource] - Loaded JDBC driver: oracle.jdbc.driver.OracleDriver
2014-02-10 11:07:15,437 INFO [org.springframework.context.support.ClassPathXmlApplicationContext] - Refreshing org.springframework.context.support.ClassPathXmlApplicationContext@482923: startup date [Mon Feb 10 11:07:15 IST 2014]; root of context hierarchy
2014-02-10 11:07:15,500 INFO [org.springframework.beans.factory.xml.XmlBeanDefinitionReader] - Loading XML bean definitions from class path resource [jdbc.xml]
2014-02-10 11:07:15,703 INFO [org.springframework.beans.factory.config.PropertyPlaceholderConfigurer] - Loading properties file from class path resource [oracle.properties]
2014-02-10 11:07:15,703 INFO [org.springframework.beans.factory.support.DefaultListableBeanFactory] - Pre-instantiating singletons in org.springframework.beans.factory.support.DefaultListableBeanFactory@e61fd1: defining beans [properties,dataSource,simpleJdbcTemplate,employeeDao]; root of factory hierarchy
2014-02-10 11:07:15,734 INFO [org.springframework.jdbc.datasource.DriverManagerDataSource] - Loaded JDBC driver: oracle.jdbc.driver.OracleDriver
2014-02-10 11:55:51,986 INFO [org.springframework.context.support.ClassPathXmlApplicationContext] - Refreshing org.springframework.context.support.ClassPathXmlApplicationContext@482923: startup date [Mon Feb 10 11:55:51 IST 2014]; root of context hierarchy
2014-02-10 11:55:52,048 INFO [org.springframework.beans.factory.xml.XmlBeanDefinitionReader] - Loading XML bean definitions from class path resource [jdbc.xml]
2014-02-10 11:55:52,251 INFO [org.springframework.beans.factory.config.PropertyPlaceholderConfigurer] - Loading properties file from class path resource [oracle.properties]
2014-02-10 11:55:52,267 INFO [org.springframework.beans.factory.support.DefaultListableBeanFactory] - Pre-instantiating singletons in org.springframework.beans.factory.support.DefaultListableBeanFactory@5d9084: defining beans [properties,dataSource,simpleJdbcTemplate,employeeDao]; root of factory hierarchy
2014-02-10 11:55:52,283 INFO [org.springframework.jdbc.datasource.DriverManagerDataSource] - Loaded JDBC driver: oracle.jdbc.driver.OracleDriver
2014-02-10 11:56:30,024 INFO [org.springframework.context.support.ClassPathXmlApplicationContext] - Refreshing org.springframework.context.support.ClassPathXmlApplicationContext@1ee4648: startup date [Mon Feb 10 11:56:30 IST 2014]; root of context hierarchy
2014-02-10 11:56:30,071 INFO [org.springframework.beans.factory.xml.XmlBeanDefinitionReader] - Loading XML bean definitions from class path resource [jdbc.xml]
2014-02-10 11:56:30,290 INFO [org.springframework.beans.factory.config.PropertyPlaceholderConfigurer] - Loading properties file from class path resource [oracle.properties]
2014-02-10 11:56:30,305 INFO [org.springframework.beans.factory.support.DefaultListableBeanFactory] - Pre-instantiating singletons in org.springframework.beans.factory.support.DefaultListableBeanFactory@bad8a8: defining beans [properties,dataSource,simpleJdbcTemplate,employeeDao]; root of factory hierarchy
2014-02-10 11:56:30,336 INFO [org.springframework.jdbc.datasource.DriverManagerDataSource] - Loaded JDBC driver: oracle.jdbc.driver.OracleDriver
2014-02-28 12:28:25,093 INFO [org.springframework.context.support.ClassPathXmlApplicationContext] - Refreshing org.springframework.context.support.ClassPathXmlApplicationContext@482923: startup date [Fri Feb 28 12:28:25 IST 2014]; root of context hierarchy
2014-02-28 12:28:25,375 INFO [org.springframework.beans.factory.xml.XmlBeanDefinitionReader] - Loading XML bean definitions from class path resource [jdbc.xml]
2014-02-28 12:28:26,500 INFO [org.springframework.beans.factory.config.PropertyPlaceholderConfigurer] - Loading properties file from class path resource [oracle.properties]
2014-02-28 12:28:26,531 INFO [org.springframework.beans.factory.support.DefaultListableBeanFactory] - Pre-instantiating singletons in org.springframework.beans.factory.support.DefaultListableBeanFactory@bad8a8: defining beans [properties,dataSource,simpleJdbcTemplate,employeeDao]; root of factory hierarchy
2014-02-28 12:28:26,656 INFO [org.springframework.jdbc.datasource.DriverManagerDataSource] - Loaded JDBC driver: oracle.jdbc.driver.OracleDriver
2014-02-28 12:32:49,468 INFO [org.springframework.context.support.ClassPathXmlApplicationContext] - Refreshing org.springframework.context.support.ClassPathXmlApplicationContext@482923: startup date [Fri Feb 28 12:32:49 IST 2014]; root of context hierarchy
2014-02-28 12:32:49,546 INFO [org.springframework.beans.factory.xml.XmlBeanDefinitionReader] - Loading XML bean definitions from class path resource [jdbc.xml]
2014-02-28 12:32:49,781 INFO [org.springframework.beans.factory.config.PropertyPlaceholderConfigurer] - Loading properties file from class path resource [oracle.properties]
2014-02-28 12:32:49,781 INFO [org.springframework.beans.factory.support.DefaultListableBeanFactory] - Pre-instantiating singletons in org.springframework.beans.factory.support.DefaultListableBeanFactory@331059: defining beans [properties,dataSource,simpleJdbcTemplate,employeeDao]; root of factory hierarchy
2014-02-28 12:32:49,812 INFO [org.springframework.jdbc.datasource.DriverManagerDataSource] - Loaded JDBC driver: oracle.jdbc.driver.OracleDriver
2014-02-28 12:33:51,578 INFO [org.springframework.context.support.ClassPathXmlApplicationContext] - Refreshing org.springframework.context.support.ClassPathXmlApplicationContext@482923: startup date [Fri Feb 28 12:33:51 IST 2014]; root of context hierarchy
2014-02-28 12:33:51,656 INFO [org.springframework.beans.factory.xml.XmlBeanDefinitionReader] - Loading XML bean definitions from class path resource [jdbc.xml]
2014-02-28 12:33:51,843 INFO [org.springframework.beans.factory.config.PropertyPlaceholderConfigurer] - Loading properties file from class path resource [oracle.properties]
2014-02-28 12:33:51,859 INFO [org.springframework.beans.factory.support.DefaultListableBeanFactory] - Pre-instantiating singletons in org.springframework.beans.factory.support.DefaultListableBeanFactory@e61fd1: defining beans [properties,dataSource,simpleJdbcTemplate,employeeDao]; root of factory hierarchy
2014-02-28 12:33:51,890 INFO [org.springframework.jdbc.datasource.DriverManagerDataSource] - Loaded JDBC driver: oracle.jdbc.driver.OracleDriver
2014-02-28 12:36:26,781 INFO [org.springframework.context.support.ClassPathXmlApplicationContext] - Refreshing org.springframework.context.support.ClassPathXmlApplicationContext@482923: startup date [Fri Feb 28 12:36:26 IST 2014]; root of context hierarchy
2014-02-28 12:36:26,875 INFO [org.springframework.beans.factory.xml.XmlBeanDefinitionReader] - Loading XML bean definitions from class path resource [jdbc.xml]
2014-02-28 12:36:27,109 INFO [org.springframework.beans.factory.config.PropertyPlaceholderConfigurer] - Loading properties file from class path resource [oracle.properties]
2014-02-28 12:36:27,109 INFO [org.springframework.beans.factory.support.DefaultListableBeanFactory] - Pre-instantiating singletons in org.springframework.beans.factory.support.DefaultListableBeanFactory@bad8a8: defining beans [properties,dataSource,simpleJdbcTemplate,employeeDao]; root of factory hierarchy
2014-02-28 12:36:27,140 INFO [org.springframework.jdbc.datasource.DriverManagerDataSource] - Loaded JDBC driver: oracle.jdbc.driver.OracleDriver
2014-02-28 12:36:42,968 INFO [org.springframework.context.support.ClassPathXmlApplicationContext] - Refreshing org.springframework.context.support.ClassPathXmlApplicationContext@184ec44: startup date [Fri Feb 28 12:36:42 IST 2014]; root of context hierarchy
2014-02-28 12:36:43,046 INFO [org.springframework.beans.factory.xml.XmlBeanDefinitionReader] - Loading XML bean definitions from class path resource [jdbc.xml]
2014-02-28 12:36:43,281 INFO [org.springframework.beans.factory.config.PropertyPlaceholderConfigurer] - Loading properties file from class path resource [oracle.properties]
2014-02-28 12:36:43,281 INFO [org.springframework.beans.factory.support.DefaultListableBeanFactory] - Pre-instantiating singletons in org.springframework.beans.factory.support.DefaultListableBeanFactory@e61fd1: defining beans [properties,dataSource,simpleJdbcTemplate,employeeDao]; root of factory hierarchy
2014-02-28 12:36:43,312 INFO [org.springframework.jdbc.datasource.DriverManagerDataSource] - Loaded JDBC driver: oracle.jdbc.driver.OracleDriver
2014-02-28 12:37:25,812 INFO [org.springframework.context.support.ClassPathXmlApplicationContext] - Refreshing org.springframework.context.support.ClassPathXmlApplicationContext@482923: startup date [Fri Feb 28 12:37:25 IST 2014]; root of context hierarchy
2014-02-28 12:37:25,859 INFO [org.springframework.beans.factory.xml.XmlBeanDefinitionReader] - Loading XML bean definitions from class path resource [jdbc.xml]
2014-02-28 12:37:26,062 INFO [org.springframework.beans.factory.config.PropertyPlaceholderConfigurer] - Loading properties file from class path resource [oracle.properties]
2014-02-28 12:37:26,078 INFO [org.springframework.beans.factory.support.DefaultListableBeanFactory] - Pre-instantiating singletons in org.springframework.beans.factory.support.DefaultListableBeanFactory@e61fd1: defining beans [properties,dataSource,simpleJdbcTemplate,employeeDao]; root of factory hierarchy
2014-02-28 12:37:26,109 INFO [org.springframework.jdbc.datasource.DriverManagerDataSource] - Loaded JDBC driver: oracle.jdbc.driver.OracleDriver
2014-02-28 12:39:01,343 INFO [org.springframework.context.support.ClassPathXmlApplicationContext] - Refreshing org.springframework.context.support.ClassPathXmlApplicationContext@482923: startup date [Fri Feb 28 12:39:01 IST 2014]; root of context hierarchy
2014-02-28 12:39:01,390 INFO [org.springframework.beans.factory.xml.XmlBeanDefinitionReader] - Loading XML bean definitions from class path resource [jdbc.xml]
2014-02-28 12:39:01,546 INFO [org.springframework.beans.factory.config.PropertyPlaceholderConfigurer] - Loading properties file from class path resource [oracle.properties]
2014-02-28 12:39:01,562 INFO [org.springframework.beans.factory.support.DefaultListableBeanFactory] - Pre-instantiating singletons in org.springframework.beans.factory.support.DefaultListableBeanFactory@e61fd1: defining beans [properties,dataSource,simpleJdbcTemplate,employeeDao]; root of factory hierarchy
2014-02-28 12:39:01,578 INFO [org.springframework.jdbc.datasource.DriverManagerDataSource] - Loaded JDBC driver: oracle.jdbc.driver.OracleDriver
2014-02-28 12:39:14,156 INFO [org.springframework.context.support.ClassPathXmlApplicationContext] - Refreshing org.springframework.context.support.ClassPathXmlApplicationContext@482923: startup date [Fri Feb 28 12:39:14 IST 2014]; root of context hierarchy
2014-02-28 12:39:14,203 INFO [org.springframework.beans.factory.xml.XmlBeanDefinitionReader] - Loading XML bean definitions from class path resource [jdbc.xml]
2014-02-28 12:39:14,375 INFO [org.springframework.beans.factory.config.PropertyPlaceholderConfigurer] - Loading properties file from class path resource [oracle.properties]
2014-02-28 12:39:14,375 INFO [org.springframework.beans.factory.support.DefaultListableBeanFactory] - Pre-instantiating singletons in org.springframework.beans.factory.support.DefaultListableBeanFactory@bad8a8: defining beans [properties,dataSource,simpleJdbcTemplate,employeeDao]; root of factory hierarchy
2014-02-28 12:39:14,406 INFO [org.springframework.jdbc.datasource.DriverManagerDataSource] - Loaded JDBC driver: oracle.jdbc.driver.OracleDriver
2014-05-02 11:14:41,955 INFO [org.springframework.context.support.ClassPathXmlApplicationContext] - Refreshing org.springframework.context.support.ClassPathXmlApplicationContext@482923: startup date [Fri May 02 11:14:41 IST 2014]; root of context hierarchy
2014-05-02 11:14:42,174 INFO [org.springframework.beans.factory.xml.XmlBeanDefinitionReader] - Loading XML bean definitions from class path resource [jdbc.xml]
2014-05-02 11:14:43,221 INFO [org.springframework.beans.factory.config.PropertyPlaceholderConfigurer] - Loading properties file from class path resource [oracle.properties]
2014-05-02 11:14:43,267 INFO [org.springframework.beans.factory.support.DefaultListableBeanFactory] - Pre-instantiating singletons in org.springframework.beans.factory.support.DefaultListableBeanFactory@5d9084: defining beans [properties,dataSource,simpleJdbcTemplate,employeeDao,employeeService]; root of factory hierarchy
2014-05-02 11:14:43,392 INFO [org.springframework.jdbc.datasource.DriverManagerDataSource] - Loaded JDBC driver: oracle.jdbc.driver.OracleDriver
2014-10-07 10:48:14,516 INFO [org.springframework.context.support.ClassPathXmlApplicationContext] - Refreshing org.springframework.context.support.ClassPathXmlApplicationContext@1956391: startup date [Tue Oct 07 10:48:14 IST 2014]; root of context hierarchy
2014-10-07 10:48:14,828 INFO [org.springframework.beans.factory.xml.XmlBeanDefinitionReader] - Loading XML bean definitions from class path resource [jdbc.xml]
2014-10-07 10:48:16,295 INFO [org.springframework.beans.factory.config.PropertyPlaceholderConfigurer] - Loading properties file from class path resource [oracle.properties]
2014-10-07 10:48:16,326 INFO [org.springframework.beans.factory.support.DefaultListableBeanFactory] - Pre-instantiating singletons in org.springframework.beans.factory.support.DefaultListableBeanFactory@1a12fe6: defining beans [properties,dataSource,simpleJdbcTemplate,employeeDao,employeeService]; root of factory hierarchy
2014-10-07 10:48:16,420 INFO [org.springframework.jdbc.datasource.DriverManagerDataSource] - Loaded JDBC driver: oracle.jdbc.driver.OracleDriver
2015-01-02 12:00:07,056 INFO [org.springframework.context.support.ClassPathXmlApplicationContext] - Refreshing org.springframework.context.support.ClassPathXmlApplicationContext@13b625b: startup date [Fri Jan 02 12:00:07 IST 2015]; root of context hierarchy
2015-01-02 12:00:07,212 INFO [org.springframework.beans.factory.xml.XmlBeanDefinitionReader] - Loading XML bean definitions from class path resource [jdbc.xml]
2015-01-02 12:00:07,805 INFO [org.springframework.beans.factory.config.PropertyPlaceholderConfigurer] - Loading properties file from class path resource [oracle.properties]
2015-01-02 12:00:07,883 INFO [org.springframework.beans.factory.support.DefaultListableBeanFactory] - Pre-instantiating singletons in org.springframework.beans.factory.support.DefaultListableBeanFactory@1deda00: defining beans [properties,dataSource,simpleJdbcTemplate,employeeDao,employeeService]; root of factory hierarchy
2015-01-02 12:00:08,039 INFO [org.springframework.jdbc.datasource.DriverManagerDataSource] - Loaded JDBC driver: oracle.jdbc.driver.OracleDriver
2015-05-20 12:06:18,044 INFO [org.springframework.context.support.ClassPathXmlApplicationContext] - Refreshing org.springframework.context.support.ClassPathXmlApplicationContext@86d1da: startup date [Wed May 20 12:06:18 IST 2015]; root of context hierarchy
2015-05-20 12:06:18,356 INFO [org.springframework.beans.factory.xml.XmlBeanDefinitionReader] - Loading XML bean definitions from class path resource [jdbc.xml]
2015-05-20 12:06:19,494 INFO [org.springframework.beans.factory.config.PropertyPlaceholderConfigurer] - Loading properties file from class path resource [oracle.properties]
2015-05-20 12:06:19,557 INFO [org.springframework.beans.factory.support.DefaultListableBeanFactory] - Pre-instantiating singletons in org.springframework.beans.factory.support.DefaultListableBeanFactory@1ba4552: defining beans [properties,dataSource,simpleJdbcTemplate,employeeDao,employeeService]; root of factory hierarchy
2015-05-20 12:06:19,635 INFO [org.springframework.jdbc.datasource.DriverManagerDataSource] - Loaded JDBC driver: oracle.jdbc.driver.OracleDriver
